{
	"numFailedTestSuites": 1,
	"numFailedTests": 7,
	"numPassedTestSuites": 0,
	"numPassedTests": 0,
	"numPendingTestSuites": 0,
	"numPendingTests": 0,
	"numRuntimeErrorTestSuites": 0,
	"numTodoTests": 0,
	"numTotalTestSuites": 1,
	"numTotalTests": 7,
	"openHandles": [],
	"snapshot": {
		"added": 0,
		"didUpdate": false,
		"failure": false,
		"filesAdded": 0,
		"filesRemoved": 0,
		"filesRemovedList": [],
		"filesUnmatched": 0,
		"filesUpdated": 0,
		"matched": 0,
		"total": 0,
		"unchecked": 0,
		"uncheckedKeysByFile": [],
		"unmatched": 0,
		"updated": 0
	},
	"startTime": 1776571882375,
	"success": false,
	"testResults": [
		{
			"assertionResults": [
				{
					"ancestorTitles": ["DriveScreen AP indicator behavior"],
					"duration": 1,
					"failureDetails": [
						{
							"name": "TSError",
							"diagnosticText": "\u001b[96msrc/components/DriveScreen.tsx\u001b[0m:\u001b[93m318\u001b[0m:\u001b[93m28\u001b[0m - \u001b[91merror\u001b[0m\u001b[90m TS2339: \u001b[0mProperty 'turnSignalLeft' does not exist on type 'BoardState'.\n\n\u001b[7m318\u001b[0m   const leftActive = state.turnSignalLeft || state.bsmLeftLevel > 0;\n\u001b[7m   \u001b[0m \u001b[91m                           ~~~~~~~~~~~~~~\u001b[0m\n\u001b[96msrc/components/DriveScreen.tsx\u001b[0m:\u001b[93m318\u001b[0m:\u001b[93m52\u001b[0m - \u001b[91merror\u001b[0m\u001b[90m TS2339: \u001b[0mProperty 'bsmLeftLevel' does not exist on type 'BoardState'.\n\n\u001b[7m318\u001b[0m   const leftActive = state.turnSignalLeft || state.bsmLeftLevel > 0;\n\u001b[7m   \u001b[0m \u001b[91m                                                   ~~~~~~~~~~~~\u001b[0m\n\u001b[96msrc/components/DriveScreen.tsx\u001b[0m:\u001b[93m319\u001b[0m:\u001b[93m29\u001b[0m - \u001b[91merror\u001b[0m\u001b[90m TS2339: \u001b[0mProperty 'turnSignalRight' does not exist on type 'BoardState'.\n\n\u001b[7m319\u001b[0m   const rightActive = state.turnSignalRight || state.bsmRightLevel > 0;\n\u001b[7m   \u001b[0m \u001b[91m                            ~~~~~~~~~~~~~~~\u001b[0m\n\u001b[96msrc/components/DriveScreen.tsx\u001b[0m:\u001b[93m319\u001b[0m:\u001b[93m54\u001b[0m - \u001b[91merror\u001b[0m\u001b[90m TS2339: \u001b[0mProperty 'bsmRightLevel' does not exist on type 'BoardState'.\n\n\u001b[7m319\u001b[0m   const rightActive = state.turnSignalRight || state.bsmRightLevel > 0;\n\u001b[7m   \u001b[0m \u001b[91m                                                     ~~~~~~~~~~~~~\u001b[0m\n\u001b[96msrc/components/DriveScreen.tsx\u001b[0m:\u001b[93m323\u001b[0m:\u001b[93m75\u001b[0m - \u001b[91merror\u001b[0m\u001b[90m TS2339: \u001b[0mProperty 'bsmLeftLevel' does not exist on type 'BoardState'.\n\n\u001b[7m323\u001b[0m       <View style={[warnStyles.side, { borderColor: warningBandTint(state.bsmLeftLevel) }]}>\n\u001b[7m   \u001b[0m \u001b[91m                                                                          ~~~~~~~~~~~~\u001b[0m\n\u001b[96msrc/components/DriveScreen.tsx\u001b[0m:\u001b[93m324\u001b[0m:\u001b[93m31\u001b[0m - \u001b[91merror\u001b[0m\u001b[90m TS2339: \u001b[0mProperty 'turnSignalLeft' does not exist on type 'BoardState'.\n\n\u001b[7m324\u001b[0m         <Badge variant={state.turnSignalLeft ? \"warning\" : \"muted\"}>← TURN</Badge>\n\u001b[7m   \u001b[0m \u001b[91m                              ~~~~~~~~~~~~~~\u001b[0m\n\u001b[96msrc/components/DriveScreen.tsx\u001b[0m:\u001b[93m325\u001b[0m:\u001b[93m47\u001b[0m - \u001b[91merror\u001b[0m\u001b[90m TS2339: \u001b[0mProperty 'bsmLeftLevel' does not exist on type 'BoardState'.\n\n\u001b[7m325\u001b[0m         <Badge variant={bsmLevelVariant(state.bsmLeftLevel)}>\n\u001b[7m   \u001b[0m \u001b[91m                                              ~~~~~~~~~~~~\u001b[0m\n\u001b[96msrc/components/DriveScreen.tsx\u001b[0m:\u001b[93m326\u001b[0m:\u001b[93m18\u001b[0m - \u001b[91merror\u001b[0m\u001b[90m TS2339: \u001b[0mProperty 'bsmLeftLevel' does not exist on type 'BoardState'.\n\n\u001b[7m326\u001b[0m           {state.bsmLeftLevel >= 2 ? \"BSM L!\" : state.bsmLeftLevel >= 1 ? \"BSM L\" : \"BSM L-\"}\n\u001b[7m   \u001b[0m \u001b[91m                 ~~~~~~~~~~~~\u001b[0m\n\u001b[96msrc/components/DriveScreen.tsx\u001b[0m:\u001b[93m326\u001b[0m:\u001b[93m55\u001b[0m - \u001b[91merror\u001b[0m\u001b[90m TS2339: \u001b[0mProperty 'bsmLeftLevel' does not exist on type 'BoardState'.\n\n\u001b[7m326\u001b[0m           {state.bsmLeftLevel >= 2 ? \"BSM L!\" : state.bsmLeftLevel >= 1 ? \"BSM L\" : \"BSM L-\"}\n\u001b[7m   \u001b[0m \u001b[91m                                                      ~~~~~~~~~~~~\u001b[0m\n\u001b[96msrc/components/DriveScreen.tsx\u001b[0m:\u001b[93m338\u001b[0m:\u001b[93m75\u001b[0m - \u001b[91merror\u001b[0m\u001b[90m TS2339: \u001b[0mProperty 'bsmRightLevel' does not exist on type 'BoardState'.\n\n\u001b[7m338\u001b[0m       <View style={[warnStyles.side, { borderColor: warningBandTint(state.bsmRightLevel) }]}>\n\u001b[7m   \u001b[0m \u001b[91m                                                                          ~~~~~~~~~~~~~\u001b[0m\n\u001b[96msrc/components/DriveScreen.tsx\u001b[0m:\u001b[93m339\u001b[0m:\u001b[93m31\u001b[0m - \u001b[91merror\u001b[0m\u001b[90m TS2339: \u001b[0mProperty 'turnSignalRight' does not exist on type 'BoardState'.\n\n\u001b[7m339\u001b[0m         <Badge variant={state.turnSignalRight ? \"warning\" : \"muted\"}>TURN →</Badge>\n\u001b[7m   \u001b[0m \u001b[91m                              ~~~~~~~~~~~~~~~\u001b[0m\n\u001b[96msrc/components/DriveScreen.tsx\u001b[0m:\u001b[93m340\u001b[0m:\u001b[93m47\u001b[0m - \u001b[91merror\u001b[0m\u001b[90m TS2339: \u001b[0mProperty 'bsmRightLevel' does not exist on type 'BoardState'.\n\n\u001b[7m340\u001b[0m         <Badge variant={bsmLevelVariant(state.bsmRightLevel)}>\n\u001b[7m   \u001b[0m \u001b[91m                                              ~~~~~~~~~~~~~\u001b[0m\n\u001b[96msrc/components/DriveScreen.tsx\u001b[0m:\u001b[93m341\u001b[0m:\u001b[93m18\u001b[0m - \u001b[91merror\u001b[0m\u001b[90m TS2339: \u001b[0mProperty 'bsmRightLevel' does not exist on type 'BoardState'.\n\n\u001b[7m341\u001b[0m           {state.bsmRightLevel >= 2 ? \"BSM R!\" : state.bsmRightLevel >= 1 ? \"BSM R\" : \"BSM R-\"}\n\u001b[7m   \u001b[0m \u001b[91m                 ~~~~~~~~~~~~~\u001b[0m\n\u001b[96msrc/components/DriveScreen.tsx\u001b[0m:\u001b[93m341\u001b[0m:\u001b[93m56\u001b[0m - \u001b[91merror\u001b[0m\u001b[90m TS2339: \u001b[0mProperty 'bsmRightLevel' does not exist on type 'BoardState'.\n\n\u001b[7m341\u001b[0m           {state.bsmRightLevel >= 2 ? \"BSM R!\" : state.bsmRightLevel >= 1 ? \"BSM R\" : \"BSM R-\"}\n\u001b[7m   \u001b[0m \u001b[91m                                                       ~~~~~~~~~~~~~\u001b[0m\n",
							"diagnosticCodes": [
								2339, 2339, 2339, 2339, 2339, 2339, 2339, 2339, 2339, 2339, 2339,
								2339, 2339, 2339
							]
						}
					],
					"failureMessages": [""],
					"fullName": "DriveScreen AP indicator behavior maps AP state transitions from tier/hands/chassis status",
					"invocations": 1,
					"location": null,
					"numPassingAsserts": 0,
					"retryReasons": [],
					"status": "failed",
					"title": "maps AP state transitions from tier/hands/chassis status"
				},
				{
					"ancestorTitles": ["DriveScreen AP indicator behavior"],
					"duration": 0,
					"failureDetails": [
						{
							"name": "TSError",
							"diagnosticText": "\u001b[96msrc/components/DriveScreen.tsx\u001b[0m:\u001b[93m318\u001b[0m:\u001b[93m28\u001b[0m - \u001b[91merror\u001b[0m\u001b[90m TS2339: \u001b[0mProperty 'turnSignalLeft' does not exist on type 'BoardState'.\n\n\u001b[7m318\u001b[0m   const leftActive = state.turnSignalLeft || state.bsmLeftLevel > 0;\n\u001b[7m   \u001b[0m \u001b[91m                           ~~~~~~~~~~~~~~\u001b[0m\n\u001b[96msrc/components/DriveScreen.tsx\u001b[0m:\u001b[93m318\u001b[0m:\u001b[93m52\u001b[0m - \u001b[91merror\u001b[0m\u001b[90m TS2339: \u001b[0mProperty 'bsmLeftLevel' does not exist on type 'BoardState'.\n\n\u001b[7m318\u001b[0m   const leftActive = state.turnSignalLeft || state.bsmLeftLevel > 0;\n\u001b[7m   \u001b[0m \u001b[91m                                                   ~~~~~~~~~~~~\u001b[0m\n\u001b[96msrc/components/DriveScreen.tsx\u001b[0m:\u001b[93m319\u001b[0m:\u001b[93m29\u001b[0m - \u001b[91merror\u001b[0m\u001b[90m TS2339: \u001b[0mProperty 'turnSignalRight' does not exist on type 'BoardState'.\n\n\u001b[7m319\u001b[0m   const rightActive = state.turnSignalRight || state.bsmRightLevel > 0;\n\u001b[7m   \u001b[0m \u001b[91m                            ~~~~~~~~~~~~~~~\u001b[0m\n\u001b[96msrc/components/DriveScreen.tsx\u001b[0m:\u001b[93m319\u001b[0m:\u001b[93m54\u001b[0m - \u001b[91merror\u001b[0m\u001b[90m TS2339: \u001b[0mProperty 'bsmRightLevel' does not exist on type 'BoardState'.\n\n\u001b[7m319\u001b[0m   const rightActive = state.turnSignalRight || state.bsmRightLevel > 0;\n\u001b[7m   \u001b[0m \u001b[91m                                                     ~~~~~~~~~~~~~\u001b[0m\n\u001b[96msrc/components/DriveScreen.tsx\u001b[0m:\u001b[93m323\u001b[0m:\u001b[93m75\u001b[0m - \u001b[91merror\u001b[0m\u001b[90m TS2339: \u001b[0mProperty 'bsmLeftLevel' does not exist on type 'BoardState'.\n\n\u001b[7m323\u001b[0m       <View style={[warnStyles.side, { borderColor: warningBandTint(state.bsmLeftLevel) }]}>\n\u001b[7m   \u001b[0m \u001b[91m                                                                          ~~~~~~~~~~~~\u001b[0m\n\u001b[96msrc/components/DriveScreen.tsx\u001b[0m:\u001b[93m324\u001b[0m:\u001b[93m31\u001b[0m - \u001b[91merror\u001b[0m\u001b[90m TS2339: \u001b[0mProperty 'turnSignalLeft' does not exist on type 'BoardState'.\n\n\u001b[7m324\u001b[0m         <Badge variant={state.turnSignalLeft ? \"warning\" : \"muted\"}>← TURN</Badge>\n\u001b[7m   \u001b[0m \u001b[91m                              ~~~~~~~~~~~~~~\u001b[0m\n\u001b[96msrc/components/DriveScreen.tsx\u001b[0m:\u001b[93m325\u001b[0m:\u001b[93m47\u001b[0m - \u001b[91merror\u001b[0m\u001b[90m TS2339: \u001b[0mProperty 'bsmLeftLevel' does not exist on type 'BoardState'.\n\n\u001b[7m325\u001b[0m         <Badge variant={bsmLevelVariant(state.bsmLeftLevel)}>\n\u001b[7m   \u001b[0m \u001b[91m                                              ~~~~~~~~~~~~\u001b[0m\n\u001b[96msrc/components/DriveScreen.tsx\u001b[0m:\u001b[93m326\u001b[0m:\u001b[93m18\u001b[0m - \u001b[91merror\u001b[0m\u001b[90m TS2339: \u001b[0mProperty 'bsmLeftLevel' does not exist on type 'BoardState'.\n\n\u001b[7m326\u001b[0m           {state.bsmLeftLevel >= 2 ? \"BSM L!\" : state.bsmLeftLevel >= 1 ? \"BSM L\" : \"BSM L-\"}\n\u001b[7m   \u001b[0m \u001b[91m                 ~~~~~~~~~~~~\u001b[0m\n\u001b[96msrc/components/DriveScreen.tsx\u001b[0m:\u001b[93m326\u001b[0m:\u001b[93m55\u001b[0m - \u001b[91merror\u001b[0m\u001b[90m TS2339: \u001b[0mProperty 'bsmLeftLevel' does not exist on type 'BoardState'.\n\n\u001b[7m326\u001b[0m           {state.bsmLeftLevel >= 2 ? \"BSM L!\" : state.bsmLeftLevel >= 1 ? \"BSM L\" : \"BSM L-\"}\n\u001b[7m   \u001b[0m \u001b[91m                                                      ~~~~~~~~~~~~\u001b[0m\n\u001b[96msrc/components/DriveScreen.tsx\u001b[0m:\u001b[93m338\u001b[0m:\u001b[93m75\u001b[0m - \u001b[91merror\u001b[0m\u001b[90m TS2339: \u001b[0mProperty 'bsmRightLevel' does not exist on type 'BoardState'.\n\n\u001b[7m338\u001b[0m       <View style={[warnStyles.side, { borderColor: warningBandTint(state.bsmRightLevel) }]}>\n\u001b[7m   \u001b[0m \u001b[91m                                                                          ~~~~~~~~~~~~~\u001b[0m\n\u001b[96msrc/components/DriveScreen.tsx\u001b[0m:\u001b[93m339\u001b[0m:\u001b[93m31\u001b[0m - \u001b[91merror\u001b[0m\u001b[90m TS2339: \u001b[0mProperty 'turnSignalRight' does not exist on type 'BoardState'.\n\n\u001b[7m339\u001b[0m         <Badge variant={state.turnSignalRight ? \"warning\" : \"muted\"}>TURN →</Badge>\n\u001b[7m   \u001b[0m \u001b[91m                              ~~~~~~~~~~~~~~~\u001b[0m\n\u001b[96msrc/components/DriveScreen.tsx\u001b[0m:\u001b[93m340\u001b[0m:\u001b[93m47\u001b[0m - \u001b[91merror\u001b[0m\u001b[90m TS2339: \u001b[0mProperty 'bsmRightLevel' does not exist on type 'BoardState'.\n\n\u001b[7m340\u001b[0m         <Badge variant={bsmLevelVariant(state.bsmRightLevel)}>\n\u001b[7m   \u001b[0m \u001b[91m                                              ~~~~~~~~~~~~~\u001b[0m\n\u001b[96msrc/components/DriveScreen.tsx\u001b[0m:\u001b[93m341\u001b[0m:\u001b[93m18\u001b[0m - \u001b[91merror\u001b[0m\u001b[90m TS2339: \u001b[0mProperty 'bsmRightLevel' does not exist on type 'BoardState'.\n\n\u001b[7m341\u001b[0m           {state.bsmRightLevel >= 2 ? \"BSM R!\" : state.bsmRightLevel >= 1 ? \"BSM R\" : \"BSM R-\"}\n\u001b[7m   \u001b[0m \u001b[91m                 ~~~~~~~~~~~~~\u001b[0m\n\u001b[96msrc/components/DriveScreen.tsx\u001b[0m:\u001b[93m341\u001b[0m:\u001b[93m56\u001b[0m - \u001b[91merror\u001b[0m\u001b[90m TS2339: \u001b[0mProperty 'bsmRightLevel' does not exist on type 'BoardState'.\n\n\u001b[7m341\u001b[0m           {state.bsmRightLevel >= 2 ? \"BSM R!\" : state.bsmRightLevel >= 1 ? \"BSM R\" : \"BSM R-\"}\n\u001b[7m   \u001b[0m \u001b[91m                                                       ~~~~~~~~~~~~~\u001b[0m\n",
							"diagnosticCodes": [
								2339, 2339, 2339, 2339, 2339, 2339, 2339, 2339, 2339, 2339, 2339,
								2339, 2339, 2339
							]
						}
					],
					"failureMessages": [""],
					"fullName": "DriveScreen AP indicator behavior renders hands warning and nag indicator when both are active",
					"invocations": 1,
					"location": null,
					"numPassingAsserts": 0,
					"retryReasons": [],
					"status": "failed",
					"title": "renders hands warning and nag indicator when both are active"
				},
				{
					"ancestorTitles": ["DriveScreen AP indicator behavior"],
					"duration": 0,
					"failureDetails": [
						{
							"name": "TSError",
							"diagnosticText": "\u001b[96msrc/components/DriveScreen.tsx\u001b[0m:\u001b[93m318\u001b[0m:\u001b[93m28\u001b[0m - \u001b[91merror\u001b[0m\u001b[90m TS2339: \u001b[0mProperty 'turnSignalLeft' does not exist on type 'BoardState'.\n\n\u001b[7m318\u001b[0m   const leftActive = state.turnSignalLeft || state.bsmLeftLevel > 0;\n\u001b[7m   \u001b[0m \u001b[91m                           ~~~~~~~~~~~~~~\u001b[0m\n\u001b[96msrc/components/DriveScreen.tsx\u001b[0m:\u001b[93m318\u001b[0m:\u001b[93m52\u001b[0m - \u001b[91merror\u001b[0m\u001b[90m TS2339: \u001b[0mProperty 'bsmLeftLevel' does not exist on type 'BoardState'.\n\n\u001b[7m318\u001b[0m   const leftActive = state.turnSignalLeft || state.bsmLeftLevel > 0;\n\u001b[7m   \u001b[0m \u001b[91m                                                   ~~~~~~~~~~~~\u001b[0m\n\u001b[96msrc/components/DriveScreen.tsx\u001b[0m:\u001b[93m319\u001b[0m:\u001b[93m29\u001b[0m - \u001b[91merror\u001b[0m\u001b[90m TS2339: \u001b[0mProperty 'turnSignalRight' does not exist on type 'BoardState'.\n\n\u001b[7m319\u001b[0m   const rightActive = state.turnSignalRight || state.bsmRightLevel > 0;\n\u001b[7m   \u001b[0m \u001b[91m                            ~~~~~~~~~~~~~~~\u001b[0m\n\u001b[96msrc/components/DriveScreen.tsx\u001b[0m:\u001b[93m319\u001b[0m:\u001b[93m54\u001b[0m - \u001b[91merror\u001b[0m\u001b[90m TS2339: \u001b[0mProperty 'bsmRightLevel' does not exist on type 'BoardState'.\n\n\u001b[7m319\u001b[0m   const rightActive = state.turnSignalRight || state.bsmRightLevel > 0;\n\u001b[7m   \u001b[0m \u001b[91m                                                     ~~~~~~~~~~~~~\u001b[0m\n\u001b[96msrc/components/DriveScreen.tsx\u001b[0m:\u001b[93m323\u001b[0m:\u001b[93m75\u001b[0m - \u001b[91merror\u001b[0m\u001b[90m TS2339: \u001b[0mProperty 'bsmLeftLevel' does not exist on type 'BoardState'.\n\n\u001b[7m323\u001b[0m       <View style={[warnStyles.side, { borderColor: warningBandTint(state.bsmLeftLevel) }]}>\n\u001b[7m   \u001b[0m \u001b[91m                                                                          ~~~~~~~~~~~~\u001b[0m\n\u001b[96msrc/components/DriveScreen.tsx\u001b[0m:\u001b[93m324\u001b[0m:\u001b[93m31\u001b[0m - \u001b[91merror\u001b[0m\u001b[90m TS2339: \u001b[0mProperty 'turnSignalLeft' does not exist on type 'BoardState'.\n\n\u001b[7m324\u001b[0m         <Badge variant={state.turnSignalLeft ? \"warning\" : \"muted\"}>← TURN</Badge>\n\u001b[7m   \u001b[0m \u001b[91m                              ~~~~~~~~~~~~~~\u001b[0m\n\u001b[96msrc/components/DriveScreen.tsx\u001b[0m:\u001b[93m325\u001b[0m:\u001b[93m47\u001b[0m - \u001b[91merror\u001b[0m\u001b[90m TS2339: \u001b[0mProperty 'bsmLeftLevel' does not exist on type 'BoardState'.\n\n\u001b[7m325\u001b[0m         <Badge variant={bsmLevelVariant(state.bsmLeftLevel)}>\n\u001b[7m   \u001b[0m \u001b[91m                                              ~~~~~~~~~~~~\u001b[0m\n\u001b[96msrc/components/DriveScreen.tsx\u001b[0m:\u001b[93m326\u001b[0m:\u001b[93m18\u001b[0m - \u001b[91merror\u001b[0m\u001b[90m TS2339: \u001b[0mProperty 'bsmLeftLevel' does not exist on type 'BoardState'.\n\n\u001b[7m326\u001b[0m           {state.bsmLeftLevel >= 2 ? \"BSM L!\" : state.bsmLeftLevel >= 1 ? \"BSM L\" : \"BSM L-\"}\n\u001b[7m   \u001b[0m \u001b[91m                 ~~~~~~~~~~~~\u001b[0m\n\u001b[96msrc/components/DriveScreen.tsx\u001b[0m:\u001b[93m326\u001b[0m:\u001b[93m55\u001b[0m - \u001b[91merror\u001b[0m\u001b[90m TS2339: \u001b[0mProperty 'bsmLeftLevel' does not exist on type 'BoardState'.\n\n\u001b[7m326\u001b[0m           {state.bsmLeftLevel >= 2 ? \"BSM L!\" : state.bsmLeftLevel >= 1 ? \"BSM L\" : \"BSM L-\"}\n\u001b[7m   \u001b[0m \u001b[91m                                                      ~~~~~~~~~~~~\u001b[0m\n\u001b[96msrc/components/DriveScreen.tsx\u001b[0m:\u001b[93m338\u001b[0m:\u001b[93m75\u001b[0m - \u001b[91merror\u001b[0m\u001b[90m TS2339: \u001b[0mProperty 'bsmRightLevel' does not exist on type 'BoardState'.\n\n\u001b[7m338\u001b[0m       <View style={[warnStyles.side, { borderColor: warningBandTint(state.bsmRightLevel) }]}>\n\u001b[7m   \u001b[0m \u001b[91m                                                                          ~~~~~~~~~~~~~\u001b[0m\n\u001b[96msrc/components/DriveScreen.tsx\u001b[0m:\u001b[93m339\u001b[0m:\u001b[93m31\u001b[0m - \u001b[91merror\u001b[0m\u001b[90m TS2339: \u001b[0mProperty 'turnSignalRight' does not exist on type 'BoardState'.\n\n\u001b[7m339\u001b[0m         <Badge variant={state.turnSignalRight ? \"warning\" : \"muted\"}>TURN →</Badge>\n\u001b[7m   \u001b[0m \u001b[91m                              ~~~~~~~~~~~~~~~\u001b[0m\n\u001b[96msrc/components/DriveScreen.tsx\u001b[0m:\u001b[93m340\u001b[0m:\u001b[93m47\u001b[0m - \u001b[91merror\u001b[0m\u001b[90m TS2339: \u001b[0mProperty 'bsmRightLevel' does not exist on type 'BoardState'.\n\n\u001b[7m340\u001b[0m         <Badge variant={bsmLevelVariant(state.bsmRightLevel)}>\n\u001b[7m   \u001b[0m \u001b[91m                                              ~~~~~~~~~~~~~\u001b[0m\n\u001b[96msrc/components/DriveScreen.tsx\u001b[0m:\u001b[93m341\u001b[0m:\u001b[93m18\u001b[0m - \u001b[91merror\u001b[0m\u001b[90m TS2339: \u001b[0mProperty 'bsmRightLevel' does not exist on type 'BoardState'.\n\n\u001b[7m341\u001b[0m           {state.bsmRightLevel >= 2 ? \"BSM R!\" : state.bsmRightLevel >= 1 ? \"BSM R\" : \"BSM R-\"}\n\u001b[7m   \u001b[0m \u001b[91m                 ~~~~~~~~~~~~~\u001b[0m\n\u001b[96msrc/components/DriveScreen.tsx\u001b[0m:\u001b[93m341\u001b[0m:\u001b[93m56\u001b[0m - \u001b[91merror\u001b[0m\u001b[90m TS2339: \u001b[0mProperty 'bsmRightLevel' does not exist on type 'BoardState'.\n\n\u001b[7m341\u001b[0m           {state.bsmRightLevel >= 2 ? \"BSM R!\" : state.bsmRightLevel >= 1 ? \"BSM R\" : \"BSM R-\"}\n\u001b[7m   \u001b[0m \u001b[91m                                                       ~~~~~~~~~~~~~\u001b[0m\n",
							"diagnosticCodes": [
								2339, 2339, 2339, 2339, 2339, 2339, 2339, 2339, 2339, 2339, 2339,
								2339, 2339, 2339
							]
						}
					],
					"failureMessages": [""],
					"fullName": "DriveScreen AP indicator behavior renders unavailable AP fallback when chassis is offline",
					"invocations": 1,
					"location": null,
					"numPassingAsserts": 0,
					"retryReasons": [],
					"status": "failed",
					"title": "renders unavailable AP fallback when chassis is offline"
				},
				{
					"ancestorTitles": ["DriveScreen AP indicator behavior"],
					"duration": 0,
					"failureDetails": [
						{
							"name": "TSError",
							"diagnosticText": "\u001b[96msrc/components/DriveScreen.tsx\u001b[0m:\u001b[93m318\u001b[0m:\u001b[93m28\u001b[0m - \u001b[91merror\u001b[0m\u001b[90m TS2339: \u001b[0mProperty 'turnSignalLeft' does not exist on type 'BoardState'.\n\n\u001b[7m318\u001b[0m   const leftActive = state.turnSignalLeft || state.bsmLeftLevel > 0;\n\u001b[7m   \u001b[0m \u001b[91m                           ~~~~~~~~~~~~~~\u001b[0m\n\u001b[96msrc/components/DriveScreen.tsx\u001b[0m:\u001b[93m318\u001b[0m:\u001b[93m52\u001b[0m - \u001b[91merror\u001b[0m\u001b[90m TS2339: \u001b[0mProperty 'bsmLeftLevel' does not exist on type 'BoardState'.\n\n\u001b[7m318\u001b[0m   const leftActive = state.turnSignalLeft || state.bsmLeftLevel > 0;\n\u001b[7m   \u001b[0m \u001b[91m                                                   ~~~~~~~~~~~~\u001b[0m\n\u001b[96msrc/components/DriveScreen.tsx\u001b[0m:\u001b[93m319\u001b[0m:\u001b[93m29\u001b[0m - \u001b[91merror\u001b[0m\u001b[90m TS2339: \u001b[0mProperty 'turnSignalRight' does not exist on type 'BoardState'.\n\n\u001b[7m319\u001b[0m   const rightActive = state.turnSignalRight || state.bsmRightLevel > 0;\n\u001b[7m   \u001b[0m \u001b[91m                            ~~~~~~~~~~~~~~~\u001b[0m\n\u001b[96msrc/components/DriveScreen.tsx\u001b[0m:\u001b[93m319\u001b[0m:\u001b[93m54\u001b[0m - \u001b[91merror\u001b[0m\u001b[90m TS2339: \u001b[0mProperty 'bsmRightLevel' does not exist on type 'BoardState'.\n\n\u001b[7m319\u001b[0m   const rightActive = state.turnSignalRight || state.bsmRightLevel > 0;\n\u001b[7m   \u001b[0m \u001b[91m                                                     ~~~~~~~~~~~~~\u001b[0m\n\u001b[96msrc/components/DriveScreen.tsx\u001b[0m:\u001b[93m323\u001b[0m:\u001b[93m75\u001b[0m - \u001b[91merror\u001b[0m\u001b[90m TS2339: \u001b[0mProperty 'bsmLeftLevel' does not exist on type 'BoardState'.\n\n\u001b[7m323\u001b[0m       <View style={[warnStyles.side, { borderColor: warningBandTint(state.bsmLeftLevel) }]}>\n\u001b[7m   \u001b[0m \u001b[91m                                                                          ~~~~~~~~~~~~\u001b[0m\n\u001b[96msrc/components/DriveScreen.tsx\u001b[0m:\u001b[93m324\u001b[0m:\u001b[93m31\u001b[0m - \u001b[91merror\u001b[0m\u001b[90m TS2339: \u001b[0mProperty 'turnSignalLeft' does not exist on type 'BoardState'.\n\n\u001b[7m324\u001b[0m         <Badge variant={state.turnSignalLeft ? \"warning\" : \"muted\"}>← TURN</Badge>\n\u001b[7m   \u001b[0m \u001b[91m                              ~~~~~~~~~~~~~~\u001b[0m\n\u001b[96msrc/components/DriveScreen.tsx\u001b[0m:\u001b[93m325\u001b[0m:\u001b[93m47\u001b[0m - \u001b[91merror\u001b[0m\u001b[90m TS2339: \u001b[0mProperty 'bsmLeftLevel' does not exist on type 'BoardState'.\n\n\u001b[7m325\u001b[0m         <Badge variant={bsmLevelVariant(state.bsmLeftLevel)}>\n\u001b[7m   \u001b[0m \u001b[91m                                              ~~~~~~~~~~~~\u001b[0m\n\u001b[96msrc/components/DriveScreen.tsx\u001b[0m:\u001b[93m326\u001b[0m:\u001b[93m18\u001b[0m - \u001b[91merror\u001b[0m\u001b[90m TS2339: \u001b[0mProperty 'bsmLeftLevel' does not exist on type 'BoardState'.\n\n\u001b[7m326\u001b[0m           {state.bsmLeftLevel >= 2 ? \"BSM L!\" : state.bsmLeftLevel >= 1 ? \"BSM L\" : \"BSM L-\"}\n\u001b[7m   \u001b[0m \u001b[91m                 ~~~~~~~~~~~~\u001b[0m\n\u001b[96msrc/components/DriveScreen.tsx\u001b[0m:\u001b[93m326\u001b[0m:\u001b[93m55\u001b[0m - \u001b[91merror\u001b[0m\u001b[90m TS2339: \u001b[0mProperty 'bsmLeftLevel' does not exist on type 'BoardState'.\n\n\u001b[7m326\u001b[0m           {state.bsmLeftLevel >= 2 ? \"BSM L!\" : state.bsmLeftLevel >= 1 ? \"BSM L\" : \"BSM L-\"}\n\u001b[7m   \u001b[0m \u001b[91m                                                      ~~~~~~~~~~~~\u001b[0m\n\u001b[96msrc/components/DriveScreen.tsx\u001b[0m:\u001b[93m338\u001b[0m:\u001b[93m75\u001b[0m - \u001b[91merror\u001b[0m\u001b[90m TS2339: \u001b[0mProperty 'bsmRightLevel' does not exist on type 'BoardState'.\n\n\u001b[7m338\u001b[0m       <View style={[warnStyles.side, { borderColor: warningBandTint(state.bsmRightLevel) }]}>\n\u001b[7m   \u001b[0m \u001b[91m                                                                          ~~~~~~~~~~~~~\u001b[0m\n\u001b[96msrc/components/DriveScreen.tsx\u001b[0m:\u001b[93m339\u001b[0m:\u001b[93m31\u001b[0m - \u001b[91merror\u001b[0m\u001b[90m TS2339: \u001b[0mProperty 'turnSignalRight' does not exist on type 'BoardState'.\n\n\u001b[7m339\u001b[0m         <Badge variant={state.turnSignalRight ? \"warning\" : \"muted\"}>TURN →</Badge>\n\u001b[7m   \u001b[0m \u001b[91m                              ~~~~~~~~~~~~~~~\u001b[0m\n\u001b[96msrc/components/DriveScreen.tsx\u001b[0m:\u001b[93m340\u001b[0m:\u001b[93m47\u001b[0m - \u001b[91merror\u001b[0m\u001b[90m TS2339: \u001b[0mProperty 'bsmRightLevel' does not exist on type 'BoardState'.\n\n\u001b[7m340\u001b[0m         <Badge variant={bsmLevelVariant(state.bsmRightLevel)}>\n\u001b[7m   \u001b[0m \u001b[91m                                              ~~~~~~~~~~~~~\u001b[0m\n\u001b[96msrc/components/DriveScreen.tsx\u001b[0m:\u001b[93m341\u001b[0m:\u001b[93m18\u001b[0m - \u001b[91merror\u001b[0m\u001b[90m TS2339: \u001b[0mProperty 'bsmRightLevel' does not exist on type 'BoardState'.\n\n\u001b[7m341\u001b[0m           {state.bsmRightLevel >= 2 ? \"BSM R!\" : state.bsmRightLevel >= 1 ? \"BSM R\" : \"BSM R-\"}\n\u001b[7m   \u001b[0m \u001b[91m                 ~~~~~~~~~~~~~\u001b[0m\n\u001b[96msrc/components/DriveScreen.tsx\u001b[0m:\u001b[93m341\u001b[0m:\u001b[93m56\u001b[0m - \u001b[91merror\u001b[0m\u001b[90m TS2339: \u001b[0mProperty 'bsmRightLevel' does not exist on type 'BoardState'.\n\n\u001b[7m341\u001b[0m           {state.bsmRightLevel >= 2 ? \"BSM R!\" : state.bsmRightLevel >= 1 ? \"BSM R\" : \"BSM R-\"}\n\u001b[7m   \u001b[0m \u001b[91m                                                       ~~~~~~~~~~~~~\u001b[0m\n",
							"diagnosticCodes": [
								2339, 2339, 2339, 2339, 2339, 2339, 2339, 2339, 2339, 2339, 2339,
								2339, 2339, 2339
							]
						}
					],
					"failureMessages": [""],
					"fullName": "DriveScreen AP indicator behavior matches snapshot for active warning indicator composition",
					"invocations": 1,
					"location": null,
					"numPassingAsserts": 0,
					"retryReasons": [],
					"status": "failed",
					"title": "matches snapshot for active warning indicator composition"
				},
				{
					"ancestorTitles": ["DriveScreen AP indicator behavior"],
					"duration": 0,
					"failureDetails": [
						{
							"name": "TSError",
							"diagnosticText": "\u001b[96msrc/components/DriveScreen.tsx\u001b[0m:\u001b[93m318\u001b[0m:\u001b[93m28\u001b[0m - \u001b[91merror\u001b[0m\u001b[90m TS2339: \u001b[0mProperty 'turnSignalLeft' does not exist on type 'BoardState'.\n\n\u001b[7m318\u001b[0m   const leftActive = state.turnSignalLeft || state.bsmLeftLevel > 0;\n\u001b[7m   \u001b[0m \u001b[91m                           ~~~~~~~~~~~~~~\u001b[0m\n\u001b[96msrc/components/DriveScreen.tsx\u001b[0m:\u001b[93m318\u001b[0m:\u001b[93m52\u001b[0m - \u001b[91merror\u001b[0m\u001b[90m TS2339: \u001b[0mProperty 'bsmLeftLevel' does not exist on type 'BoardState'.\n\n\u001b[7m318\u001b[0m   const leftActive = state.turnSignalLeft || state.bsmLeftLevel > 0;\n\u001b[7m   \u001b[0m \u001b[91m                                                   ~~~~~~~~~~~~\u001b[0m\n\u001b[96msrc/components/DriveScreen.tsx\u001b[0m:\u001b[93m319\u001b[0m:\u001b[93m29\u001b[0m - \u001b[91merror\u001b[0m\u001b[90m TS2339: \u001b[0mProperty 'turnSignalRight' does not exist on type 'BoardState'.\n\n\u001b[7m319\u001b[0m   const rightActive = state.turnSignalRight || state.bsmRightLevel > 0;\n\u001b[7m   \u001b[0m \u001b[91m                            ~~~~~~~~~~~~~~~\u001b[0m\n\u001b[96msrc/components/DriveScreen.tsx\u001b[0m:\u001b[93m319\u001b[0m:\u001b[93m54\u001b[0m - \u001b[91merror\u001b[0m\u001b[90m TS2339: \u001b[0mProperty 'bsmRightLevel' does not exist on type 'BoardState'.\n\n\u001b[7m319\u001b[0m   const rightActive = state.turnSignalRight || state.bsmRightLevel > 0;\n\u001b[7m   \u001b[0m \u001b[91m                                                     ~~~~~~~~~~~~~\u001b[0m\n\u001b[96msrc/components/DriveScreen.tsx\u001b[0m:\u001b[93m323\u001b[0m:\u001b[93m75\u001b[0m - \u001b[91merror\u001b[0m\u001b[90m TS2339: \u001b[0mProperty 'bsmLeftLevel' does not exist on type 'BoardState'.\n\n\u001b[7m323\u001b[0m       <View style={[warnStyles.side, { borderColor: warningBandTint(state.bsmLeftLevel) }]}>\n\u001b[7m   \u001b[0m \u001b[91m                                                                          ~~~~~~~~~~~~\u001b[0m\n\u001b[96msrc/components/DriveScreen.tsx\u001b[0m:\u001b[93m324\u001b[0m:\u001b[93m31\u001b[0m - \u001b[91merror\u001b[0m\u001b[90m TS2339: \u001b[0mProperty 'turnSignalLeft' does not exist on type 'BoardState'.\n\n\u001b[7m324\u001b[0m         <Badge variant={state.turnSignalLeft ? \"warning\" : \"muted\"}>← TURN</Badge>\n\u001b[7m   \u001b[0m \u001b[91m                              ~~~~~~~~~~~~~~\u001b[0m\n\u001b[96msrc/components/DriveScreen.tsx\u001b[0m:\u001b[93m325\u001b[0m:\u001b[93m47\u001b[0m - \u001b[91merror\u001b[0m\u001b[90m TS2339: \u001b[0mProperty 'bsmLeftLevel' does not exist on type 'BoardState'.\n\n\u001b[7m325\u001b[0m         <Badge variant={bsmLevelVariant(state.bsmLeftLevel)}>\n\u001b[7m   \u001b[0m \u001b[91m                                              ~~~~~~~~~~~~\u001b[0m\n\u001b[96msrc/components/DriveScreen.tsx\u001b[0m:\u001b[93m326\u001b[0m:\u001b[93m18\u001b[0m - \u001b[91merror\u001b[0m\u001b[90m TS2339: \u001b[0mProperty 'bsmLeftLevel' does not exist on type 'BoardState'.\n\n\u001b[7m326\u001b[0m           {state.bsmLeftLevel >= 2 ? \"BSM L!\" : state.bsmLeftLevel >= 1 ? \"BSM L\" : \"BSM L-\"}\n\u001b[7m   \u001b[0m \u001b[91m                 ~~~~~~~~~~~~\u001b[0m\n\u001b[96msrc/components/DriveScreen.tsx\u001b[0m:\u001b[93m326\u001b[0m:\u001b[93m55\u001b[0m - \u001b[91merror\u001b[0m\u001b[90m TS2339: \u001b[0mProperty 'bsmLeftLevel' does not exist on type 'BoardState'.\n\n\u001b[7m326\u001b[0m           {state.bsmLeftLevel >= 2 ? \"BSM L!\" : state.bsmLeftLevel >= 1 ? \"BSM L\" : \"BSM L-\"}\n\u001b[7m   \u001b[0m \u001b[91m                                                      ~~~~~~~~~~~~\u001b[0m\n\u001b[96msrc/components/DriveScreen.tsx\u001b[0m:\u001b[93m338\u001b[0m:\u001b[93m75\u001b[0m - \u001b[91merror\u001b[0m\u001b[90m TS2339: \u001b[0mProperty 'bsmRightLevel' does not exist on type 'BoardState'.\n\n\u001b[7m338\u001b[0m       <View style={[warnStyles.side, { borderColor: warningBandTint(state.bsmRightLevel) }]}>\n\u001b[7m   \u001b[0m \u001b[91m                                                                          ~~~~~~~~~~~~~\u001b[0m\n\u001b[96msrc/components/DriveScreen.tsx\u001b[0m:\u001b[93m339\u001b[0m:\u001b[93m31\u001b[0m - \u001b[91merror\u001b[0m\u001b[90m TS2339: \u001b[0mProperty 'turnSignalRight' does not exist on type 'BoardState'.\n\n\u001b[7m339\u001b[0m         <Badge variant={state.turnSignalRight ? \"warning\" : \"muted\"}>TURN →</Badge>\n\u001b[7m   \u001b[0m \u001b[91m                              ~~~~~~~~~~~~~~~\u001b[0m\n\u001b[96msrc/components/DriveScreen.tsx\u001b[0m:\u001b[93m340\u001b[0m:\u001b[93m47\u001b[0m - \u001b[91merror\u001b[0m\u001b[90m TS2339: \u001b[0mProperty 'bsmRightLevel' does not exist on type 'BoardState'.\n\n\u001b[7m340\u001b[0m         <Badge variant={bsmLevelVariant(state.bsmRightLevel)}>\n\u001b[7m   \u001b[0m \u001b[91m                                              ~~~~~~~~~~~~~\u001b[0m\n\u001b[96msrc/components/DriveScreen.tsx\u001b[0m:\u001b[93m341\u001b[0m:\u001b[93m18\u001b[0m - \u001b[91merror\u001b[0m\u001b[90m TS2339: \u001b[0mProperty 'bsmRightLevel' does not exist on type 'BoardState'.\n\n\u001b[7m341\u001b[0m           {state.bsmRightLevel >= 2 ? \"BSM R!\" : state.bsmRightLevel >= 1 ? \"BSM R\" : \"BSM R-\"}\n\u001b[7m   \u001b[0m \u001b[91m                 ~~~~~~~~~~~~~\u001b[0m\n\u001b[96msrc/components/DriveScreen.tsx\u001b[0m:\u001b[93m341\u001b[0m:\u001b[93m56\u001b[0m - \u001b[91merror\u001b[0m\u001b[90m TS2339: \u001b[0mProperty 'bsmRightLevel' does not exist on type 'BoardState'.\n\n\u001b[7m341\u001b[0m           {state.bsmRightLevel >= 2 ? \"BSM R!\" : state.bsmRightLevel >= 1 ? \"BSM R\" : \"BSM R-\"}\n\u001b[7m   \u001b[0m \u001b[91m                                                       ~~~~~~~~~~~~~\u001b[0m\n",
							"diagnosticCodes": [
								2339, 2339, 2339, 2339, 2339, 2339, 2339, 2339, 2339, 2339, 2339,
								2339, 2339, 2339
							]
						}
					],
					"failureMessages": [""],
					"fullName": "DriveScreen AP indicator behavior switches day/night glyph based on theme state",
					"invocations": 1,
					"location": null,
					"numPassingAsserts": 0,
					"retryReasons": [],
					"status": "failed",
					"title": "switches day/night glyph based on theme state"
				},
				{
					"ancestorTitles": ["DriveScreen AP indicator behavior"],
					"duration": 0,
					"failureDetails": [
						{
							"name": "TSError",
							"diagnosticText": "\u001b[96msrc/components/DriveScreen.tsx\u001b[0m:\u001b[93m318\u001b[0m:\u001b[93m28\u001b[0m - \u001b[91merror\u001b[0m\u001b[90m TS2339: \u001b[0mProperty 'turnSignalLeft' does not exist on type 'BoardState'.\n\n\u001b[7m318\u001b[0m   const leftActive = state.turnSignalLeft || state.bsmLeftLevel > 0;\n\u001b[7m   \u001b[0m \u001b[91m                           ~~~~~~~~~~~~~~\u001b[0m\n\u001b[96msrc/components/DriveScreen.tsx\u001b[0m:\u001b[93m318\u001b[0m:\u001b[93m52\u001b[0m - \u001b[91merror\u001b[0m\u001b[90m TS2339: \u001b[0mProperty 'bsmLeftLevel' does not exist on type 'BoardState'.\n\n\u001b[7m318\u001b[0m   const leftActive = state.turnSignalLeft || state.bsmLeftLevel > 0;\n\u001b[7m   \u001b[0m \u001b[91m                                                   ~~~~~~~~~~~~\u001b[0m\n\u001b[96msrc/components/DriveScreen.tsx\u001b[0m:\u001b[93m319\u001b[0m:\u001b[93m29\u001b[0m - \u001b[91merror\u001b[0m\u001b[90m TS2339: \u001b[0mProperty 'turnSignalRight' does not exist on type 'BoardState'.\n\n\u001b[7m319\u001b[0m   const rightActive = state.turnSignalRight || state.bsmRightLevel > 0;\n\u001b[7m   \u001b[0m \u001b[91m                            ~~~~~~~~~~~~~~~\u001b[0m\n\u001b[96msrc/components/DriveScreen.tsx\u001b[0m:\u001b[93m319\u001b[0m:\u001b[93m54\u001b[0m - \u001b[91merror\u001b[0m\u001b[90m TS2339: \u001b[0mProperty 'bsmRightLevel' does not exist on type 'BoardState'.\n\n\u001b[7m319\u001b[0m   const rightActive = state.turnSignalRight || state.bsmRightLevel > 0;\n\u001b[7m   \u001b[0m \u001b[91m                                                     ~~~~~~~~~~~~~\u001b[0m\n\u001b[96msrc/components/DriveScreen.tsx\u001b[0m:\u001b[93m323\u001b[0m:\u001b[93m75\u001b[0m - \u001b[91merror\u001b[0m\u001b[90m TS2339: \u001b[0mProperty 'bsmLeftLevel' does not exist on type 'BoardState'.\n\n\u001b[7m323\u001b[0m       <View style={[warnStyles.side, { borderColor: warningBandTint(state.bsmLeftLevel) }]}>\n\u001b[7m   \u001b[0m \u001b[91m                                                                          ~~~~~~~~~~~~\u001b[0m\n\u001b[96msrc/components/DriveScreen.tsx\u001b[0m:\u001b[93m324\u001b[0m:\u001b[93m31\u001b[0m - \u001b[91merror\u001b[0m\u001b[90m TS2339: \u001b[0mProperty 'turnSignalLeft' does not exist on type 'BoardState'.\n\n\u001b[7m324\u001b[0m         <Badge variant={state.turnSignalLeft ? \"warning\" : \"muted\"}>← TURN</Badge>\n\u001b[7m   \u001b[0m \u001b[91m                              ~~~~~~~~~~~~~~\u001b[0m\n\u001b[96msrc/components/DriveScreen.tsx\u001b[0m:\u001b[93m325\u001b[0m:\u001b[93m47\u001b[0m - \u001b[91merror\u001b[0m\u001b[90m TS2339: \u001b[0mProperty 'bsmLeftLevel' does not exist on type 'BoardState'.\n\n\u001b[7m325\u001b[0m         <Badge variant={bsmLevelVariant(state.bsmLeftLevel)}>\n\u001b[7m   \u001b[0m \u001b[91m                                              ~~~~~~~~~~~~\u001b[0m\n\u001b[96msrc/components/DriveScreen.tsx\u001b[0m:\u001b[93m326\u001b[0m:\u001b[93m18\u001b[0m - \u001b[91merror\u001b[0m\u001b[90m TS2339: \u001b[0mProperty 'bsmLeftLevel' does not exist on type 'BoardState'.\n\n\u001b[7m326\u001b[0m           {state.bsmLeftLevel >= 2 ? \"BSM L!\" : state.bsmLeftLevel >= 1 ? \"BSM L\" : \"BSM L-\"}\n\u001b[7m   \u001b[0m \u001b[91m                 ~~~~~~~~~~~~\u001b[0m\n\u001b[96msrc/components/DriveScreen.tsx\u001b[0m:\u001b[93m326\u001b[0m:\u001b[93m55\u001b[0m - \u001b[91merror\u001b[0m\u001b[90m TS2339: \u001b[0mProperty 'bsmLeftLevel' does not exist on type 'BoardState'.\n\n\u001b[7m326\u001b[0m           {state.bsmLeftLevel >= 2 ? \"BSM L!\" : state.bsmLeftLevel >= 1 ? \"BSM L\" : \"BSM L-\"}\n\u001b[7m   \u001b[0m \u001b[91m                                                      ~~~~~~~~~~~~\u001b[0m\n\u001b[96msrc/components/DriveScreen.tsx\u001b[0m:\u001b[93m338\u001b[0m:\u001b[93m75\u001b[0m - \u001b[91merror\u001b[0m\u001b[90m TS2339: \u001b[0mProperty 'bsmRightLevel' does not exist on type 'BoardState'.\n\n\u001b[7m338\u001b[0m       <View style={[warnStyles.side, { borderColor: warningBandTint(state.bsmRightLevel) }]}>\n\u001b[7m   \u001b[0m \u001b[91m                                                                          ~~~~~~~~~~~~~\u001b[0m\n\u001b[96msrc/components/DriveScreen.tsx\u001b[0m:\u001b[93m339\u001b[0m:\u001b[93m31\u001b[0m - \u001b[91merror\u001b[0m\u001b[90m TS2339: \u001b[0mProperty 'turnSignalRight' does not exist on type 'BoardState'.\n\n\u001b[7m339\u001b[0m         <Badge variant={state.turnSignalRight ? \"warning\" : \"muted\"}>TURN →</Badge>\n\u001b[7m   \u001b[0m \u001b[91m                              ~~~~~~~~~~~~~~~\u001b[0m\n\u001b[96msrc/components/DriveScreen.tsx\u001b[0m:\u001b[93m340\u001b[0m:\u001b[93m47\u001b[0m - \u001b[91merror\u001b[0m\u001b[90m TS2339: \u001b[0mProperty 'bsmRightLevel' does not exist on type 'BoardState'.\n\n\u001b[7m340\u001b[0m         <Badge variant={bsmLevelVariant(state.bsmRightLevel)}>\n\u001b[7m   \u001b[0m \u001b[91m                                              ~~~~~~~~~~~~~\u001b[0m\n\u001b[96msrc/components/DriveScreen.tsx\u001b[0m:\u001b[93m341\u001b[0m:\u001b[93m18\u001b[0m - \u001b[91merror\u001b[0m\u001b[90m TS2339: \u001b[0mProperty 'bsmRightLevel' does not exist on type 'BoardState'.\n\n\u001b[7m341\u001b[0m           {state.bsmRightLevel >= 2 ? \"BSM R!\" : state.bsmRightLevel >= 1 ? \"BSM R\" : \"BSM R-\"}\n\u001b[7m   \u001b[0m \u001b[91m                 ~~~~~~~~~~~~~\u001b[0m\n\u001b[96msrc/components/DriveScreen.tsx\u001b[0m:\u001b[93m341\u001b[0m:\u001b[93m56\u001b[0m - \u001b[91merror\u001b[0m\u001b[90m TS2339: \u001b[0mProperty 'bsmRightLevel' does not exist on type 'BoardState'.\n\n\u001b[7m341\u001b[0m           {state.bsmRightLevel >= 2 ? \"BSM R!\" : state.bsmRightLevel >= 1 ? \"BSM R\" : \"BSM R-\"}\n\u001b[7m   \u001b[0m \u001b[91m                                                       ~~~~~~~~~~~~~\u001b[0m\n",
							"diagnosticCodes": [
								2339, 2339, 2339, 2339, 2339, 2339, 2339, 2339, 2339, 2339, 2339,
								2339, 2339, 2339
							]
						}
					],
					"failureMessages": [""],
					"fullName": "DriveScreen AP indicator behavior renders turn-signal warning badges for left/right states",
					"invocations": 1,
					"location": null,
					"numPassingAsserts": 0,
					"retryReasons": [],
					"status": "failed",
					"title": "renders turn-signal warning badges for left/right states"
				},
				{
					"ancestorTitles": ["DriveScreen AP indicator behavior"],
					"duration": 0,
					"failureDetails": [
						{
							"name": "TSError",
							"diagnosticText": "\u001b[96msrc/components/DriveScreen.tsx\u001b[0m:\u001b[93m318\u001b[0m:\u001b[93m28\u001b[0m - \u001b[91merror\u001b[0m\u001b[90m TS2339: \u001b[0mProperty 'turnSignalLeft' does not exist on type 'BoardState'.\n\n\u001b[7m318\u001b[0m   const leftActive = state.turnSignalLeft || state.bsmLeftLevel > 0;\n\u001b[7m   \u001b[0m \u001b[91m                           ~~~~~~~~~~~~~~\u001b[0m\n\u001b[96msrc/components/DriveScreen.tsx\u001b[0m:\u001b[93m318\u001b[0m:\u001b[93m52\u001b[0m - \u001b[91merror\u001b[0m\u001b[90m TS2339: \u001b[0mProperty 'bsmLeftLevel' does not exist on type 'BoardState'.\n\n\u001b[7m318\u001b[0m   const leftActive = state.turnSignalLeft || state.bsmLeftLevel > 0;\n\u001b[7m   \u001b[0m \u001b[91m                                                   ~~~~~~~~~~~~\u001b[0m\n\u001b[96msrc/components/DriveScreen.tsx\u001b[0m:\u001b[93m319\u001b[0m:\u001b[93m29\u001b[0m - \u001b[91merror\u001b[0m\u001b[90m TS2339: \u001b[0mProperty 'turnSignalRight' does not exist on type 'BoardState'.\n\n\u001b[7m319\u001b[0m   const rightActive = state.turnSignalRight || state.bsmRightLevel > 0;\n\u001b[7m   \u001b[0m \u001b[91m                            ~~~~~~~~~~~~~~~\u001b[0m\n\u001b[96msrc/components/DriveScreen.tsx\u001b[0m:\u001b[93m319\u001b[0m:\u001b[93m54\u001b[0m - \u001b[91merror\u001b[0m\u001b[90m TS2339: \u001b[0mProperty 'bsmRightLevel' does not exist on type 'BoardState'.\n\n\u001b[7m319\u001b[0m   const rightActive = state.turnSignalRight || state.bsmRightLevel > 0;\n\u001b[7m   \u001b[0m \u001b[91m                                                     ~~~~~~~~~~~~~\u001b[0m\n\u001b[96msrc/components/DriveScreen.tsx\u001b[0m:\u001b[93m323\u001b[0m:\u001b[93m75\u001b[0m - \u001b[91merror\u001b[0m\u001b[90m TS2339: \u001b[0mProperty 'bsmLeftLevel' does not exist on type 'BoardState'.\n\n\u001b[7m323\u001b[0m       <View style={[warnStyles.side, { borderColor: warningBandTint(state.bsmLeftLevel) }]}>\n\u001b[7m   \u001b[0m \u001b[91m                                                                          ~~~~~~~~~~~~\u001b[0m\n\u001b[96msrc/components/DriveScreen.tsx\u001b[0m:\u001b[93m324\u001b[0m:\u001b[93m31\u001b[0m - \u001b[91merror\u001b[0m\u001b[90m TS2339: \u001b[0mProperty 'turnSignalLeft' does not exist on type 'BoardState'.\n\n\u001b[7m324\u001b[0m         <Badge variant={state.turnSignalLeft ? \"warning\" : \"muted\"}>← TURN</Badge>\n\u001b[7m   \u001b[0m \u001b[91m                              ~~~~~~~~~~~~~~\u001b[0m\n\u001b[96msrc/components/DriveScreen.tsx\u001b[0m:\u001b[93m325\u001b[0m:\u001b[93m47\u001b[0m - \u001b[91merror\u001b[0m\u001b[90m TS2339: \u001b[0mProperty 'bsmLeftLevel' does not exist on type 'BoardState'.\n\n\u001b[7m325\u001b[0m         <Badge variant={bsmLevelVariant(state.bsmLeftLevel)}>\n\u001b[7m   \u001b[0m \u001b[91m                                              ~~~~~~~~~~~~\u001b[0m\n\u001b[96msrc/components/DriveScreen.tsx\u001b[0m:\u001b[93m326\u001b[0m:\u001b[93m18\u001b[0m - \u001b[91merror\u001b[0m\u001b[90m TS2339: \u001b[0mProperty 'bsmLeftLevel' does not exist on type 'BoardState'.\n\n\u001b[7m326\u001b[0m           {state.bsmLeftLevel >= 2 ? \"BSM L!\" : state.bsmLeftLevel >= 1 ? \"BSM L\" : \"BSM L-\"}\n\u001b[7m   \u001b[0m \u001b[91m                 ~~~~~~~~~~~~\u001b[0m\n\u001b[96msrc/components/DriveScreen.tsx\u001b[0m:\u001b[93m326\u001b[0m:\u001b[93m55\u001b[0m - \u001b[91merror\u001b[0m\u001b[90m TS2339: \u001b[0mProperty 'bsmLeftLevel' does not exist on type 'BoardState'.\n\n\u001b[7m326\u001b[0m           {state.bsmLeftLevel >= 2 ? \"BSM L!\" : state.bsmLeftLevel >= 1 ? \"BSM L\" : \"BSM L-\"}\n\u001b[7m   \u001b[0m \u001b[91m                                                      ~~~~~~~~~~~~\u001b[0m\n\u001b[96msrc/components/DriveScreen.tsx\u001b[0m:\u001b[93m338\u001b[0m:\u001b[93m75\u001b[0m - \u001b[91merror\u001b[0m\u001b[90m TS2339: \u001b[0mProperty 'bsmRightLevel' does not exist on type 'BoardState'.\n\n\u001b[7m338\u001b[0m       <View style={[warnStyles.side, { borderColor: warningBandTint(state.bsmRightLevel) }]}>\n\u001b[7m   \u001b[0m \u001b[91m                                                                          ~~~~~~~~~~~~~\u001b[0m\n\u001b[96msrc/components/DriveScreen.tsx\u001b[0m:\u001b[93m339\u001b[0m:\u001b[93m31\u001b[0m - \u001b[91merror\u001b[0m\u001b[90m TS2339: \u001b[0mProperty 'turnSignalRight' does not exist on type 'BoardState'.\n\n\u001b[7m339\u001b[0m         <Badge variant={state.turnSignalRight ? \"warning\" : \"muted\"}>TURN →</Badge>\n\u001b[7m   \u001b[0m \u001b[91m                              ~~~~~~~~~~~~~~~\u001b[0m\n\u001b[96msrc/components/DriveScreen.tsx\u001b[0m:\u001b[93m340\u001b[0m:\u001b[93m47\u001b[0m - \u001b[91merror\u001b[0m\u001b[90m TS2339: \u001b[0mProperty 'bsmRightLevel' does not exist on type 'BoardState'.\n\n\u001b[7m340\u001b[0m         <Badge variant={bsmLevelVariant(state.bsmRightLevel)}>\n\u001b[7m   \u001b[0m \u001b[91m                                              ~~~~~~~~~~~~~\u001b[0m\n\u001b[96msrc/components/DriveScreen.tsx\u001b[0m:\u001b[93m341\u001b[0m:\u001b[93m18\u001b[0m - \u001b[91merror\u001b[0m\u001b[90m TS2339: \u001b[0mProperty 'bsmRightLevel' does not exist on type 'BoardState'.\n\n\u001b[7m341\u001b[0m           {state.bsmRightLevel >= 2 ? \"BSM R!\" : state.bsmRightLevel >= 1 ? \"BSM R\" : \"BSM R-\"}\n\u001b[7m   \u001b[0m \u001b[91m                 ~~~~~~~~~~~~~\u001b[0m\n\u001b[96msrc/components/DriveScreen.tsx\u001b[0m:\u001b[93m341\u001b[0m:\u001b[93m56\u001b[0m - \u001b[91merror\u001b[0m\u001b[90m TS2339: \u001b[0mProperty 'bsmRightLevel' does not exist on type 'BoardState'.\n\n\u001b[7m341\u001b[0m           {state.bsmRightLevel >= 2 ? \"BSM R!\" : state.bsmRightLevel >= 1 ? \"BSM R\" : \"BSM R-\"}\n\u001b[7m   \u001b[0m \u001b[91m                                                       ~~~~~~~~~~~~~\u001b[0m\n",
							"diagnosticCodes": [
								2339, 2339, 2339, 2339, 2339, 2339, 2339, 2339, 2339, 2339, 2339,
								2339, 2339, 2339
							]
						}
					],
					"failureMessages": [""],
					"fullName": "DriveScreen AP indicator behavior renders BSM severity badges and labels",
					"invocations": 1,
					"location": null,
					"numPassingAsserts": 0,
					"retryReasons": [],
					"status": "failed",
					"title": "renders BSM severity badges and labels"
				}
			],
			"endTime": 1776571883686,
			"message": "\u001b[1m\u001b[31m  \u001b[1m● \u001b[22m\u001b[1mDriveScreen AP indicator behavior › maps AP state transitions from tier/hands/chassis status\u001b[39m\u001b[22m\n\n\n\u001b[2m\u001b[22m\n\u001b[2m\u001b[22m\n\n\u001b[1m\u001b[31m  \u001b[1m● \u001b[22m\u001b[1mDriveScreen AP indicator behavior › renders hands warning and nag indicator when both are active\u001b[39m\u001b[22m\n\n\n\u001b[2m\u001b[22m\n\u001b[2m\u001b[22m\n\n\u001b[1m\u001b[31m  \u001b[1m● \u001b[22m\u001b[1mDriveScreen AP indicator behavior › renders unavailable AP fallback when chassis is offline\u001b[39m\u001b[22m\n\n\n\u001b[2m\u001b[22m\n\u001b[2m\u001b[22m\n\n\u001b[1m\u001b[31m  \u001b[1m● \u001b[22m\u001b[1mDriveScreen AP indicator behavior › matches snapshot for active warning indicator composition\u001b[39m\u001b[22m\n\n\n\u001b[2m\u001b[22m\n\u001b[2m\u001b[22m\n\n\u001b[1m\u001b[31m  \u001b[1m● \u001b[22m\u001b[1mDriveScreen AP indicator behavior › switches day/night glyph based on theme state\u001b[39m\u001b[22m\n\n\n\u001b[2m\u001b[22m\n\u001b[2m\u001b[22m\n\n\u001b[1m\u001b[31m  \u001b[1m● \u001b[22m\u001b[1mDriveScreen AP indicator behavior › renders turn-signal warning badges for left/right states\u001b[39m\u001b[22m\n\n\n\u001b[2m\u001b[22m\n\u001b[2m\u001b[22m\n\n\u001b[1m\u001b[31m  \u001b[1m● \u001b[22m\u001b[1mDriveScreen AP indicator behavior › renders BSM severity badges and labels\u001b[39m\u001b[22m\n\n\n\u001b[2m\u001b[22m\n\u001b[2m\u001b[22m\n",
			"name": "C:\\Users\\boran\\Masaüstü\\Tesla-CAN-Mod\\client\\src\\components\\DriveScreen.test.tsx",
			"startTime": 1776571882529,
			"status": "failed",
			"summary": ""
		}
	],
	"wasInterrupted": false
}
